<?xml version="1.0" encoding="UTF-8"?>
<testsuite xmlns:xsi="http://www.w3.org/2001/XMLSchema-instance" xsi:noNamespaceSchemaLocation="https://maven.apache.org/surefire/maven-surefire-plugin/xsd/surefire-test-report.xsd" name="com.mycompany.app.RoomRepositoryTests" time="1.312" tests="3" errors="0" skipped="0" failures="1">
  <properties>
[...]
</properties>
  <testcase name="testGet" classname="com.mycompany.app.RoomRepositoryTests" time="0.264">
    <failure message="&#10;Expecting Optional to contain a value but it was empty." type="java.lang.AssertionError">java.lang.AssertionError: 

Expecting Optional to contain a value but it was empty.
	at com.mycompany.app.RoomRepositoryTests.testGet(RoomRepositoryTests.java:48)
</failure>
    <system-out><![CDATA[2021-09-26 18:45:03.490  INFO 2140 --- [           main] b.t.a.o.j.DataJpaTestContextBootstrapper : Neither @ContextConfiguration nor @ContextHierarchy found for test class [com.mycompany.app.RoomRepositoryTests], using SpringBootContextLoader
2021-09-26 18:45:03.490  INFO 2140 --- [           main] o.s.t.c.support.AbstractContextLoader    : Could not detect default resource locations for test class [com.mycompany.app.RoomRepositoryTests]: no resource found for suffixes {-context.xml, Context.groovy}.
2021-09-26 18:45:03.490  INFO 2140 --- [           main] t.c.s.AnnotationConfigContextLoaderUtils : Could not detect default configuration classes for test class [com.mycompany.app.RoomRepositoryTests]: RoomRepositoryTests does not declare any static, non-private, non-final, nested classes annotated with @Configuration.
2021-09-26 18:45:03.510  INFO 2140 --- [           main] .b.t.c.SpringBootTestContextBootstrapper : Found @SpringBootConfiguration com.mycompany.MyWebAppApplication for test class com.mycompany.app.RoomRepositoryTests
2021-09-26 18:45:03.510  INFO 2140 --- [           main] b.t.a.o.j.DataJpaTestContextBootstrapper : Loaded default TestExecutionListener class names from location [META-INF/spring.factories]: [org.springframework.boot.test.mock.mockito.MockitoTestExecutionListener, org.springframework.boot.test.mock.mockito.ResetMocksTestExecutionListener, org.springframework.boot.test.autoconfigure.restdocs.RestDocsTestExecutionListener, org.springframework.boot.test.autoconfigure.web.client.MockRestServiceServerResetTestExecutionListener, org.springframework.boot.test.autoconfigure.web.servlet.MockMvcPrintOnlyOnFailureTestExecutionListener, org.springframework.boot.test.autoconfigure.web.servlet.WebDriverTestExecutionListener, org.springframework.boot.test.autoconfigure.webservices.client.MockWebServiceServerTestExecutionListener, org.springframework.test.context.web.ServletTestExecutionListener, org.springframework.test.context.support.DirtiesContextBeforeModesTestExecutionListener, org.springframework.test.context.event.ApplicationEventsTestExecutionListener, org.springframework.test.context.support.DependencyInjectionTestExecutionListener, org.springframework.test.context.support.DirtiesContextTestExecutionListener, org.springframework.test.context.transaction.TransactionalTestExecutionListener, org.springframework.test.context.jdbc.SqlScriptsTestExecutionListener, org.springframework.test.context.event.EventPublishingTestExecutionListener]
2021-09-26 18:45:03.514  INFO 2140 --- [           main] b.t.a.o.j.DataJpaTestContextBootstrapper : Using TestExecutionListeners: [org.springframework.test.context.web.ServletTestExecutionListener@2cc82c83, org.springframework.test.context.support.DirtiesContextBeforeModesTestExecutionListener@75a5a912, org.springframework.test.context.event.ApplicationEventsTestExecutionListener@5f3bc119, org.springframework.boot.test.mock.mockito.MockitoTestExecutionListener@1b9cfc19, org.springframework.boot.test.autoconfigure.SpringBootDependencyInjectionTestExecutionListener@765d67dd, org.springframework.test.context.support.DirtiesContextTestExecutionListener@2e68bd3d, org.springframework.test.context.transaction.TransactionalTestExecutionListener@2fda92e0, org.springframework.test.context.jdbc.SqlScriptsTestExecutionListener@535adf36, org.springframework.test.context.event.EventPublishingTestExecutionListener@4ea4290f, org.springframework.boot.test.mock.mockito.ResetMocksTestExecutionListener@25cef4b3, org.springframework.boot.test.autoconfigure.restdocs.RestDocsTestExecutionListener@5e783f78, org.springframework.boot.test.autoconfigure.web.client.MockRestServiceServerResetTestExecutionListener@5bdef8ee, org.springframework.boot.test.autoconfigure.web.servlet.MockMvcPrintOnlyOnFailureTestExecutionListener@345d4ecb, org.springframework.boot.test.autoconfigure.web.servlet.WebDriverTestExecutionListener@66e44f9f, org.springframework.boot.test.autoconfigure.webservices.client.MockWebServiceServerTestExecutionListener@79f82fc4]

  .   ____          _            __ _ _
 /\\ / ___'_ __ _ _(_)_ __  __ _ \ \ \ \
( ( )\___ | '_ | '_| | '_ \/ _` | \ \ \ \
 \\/  ___)| |_)| | | | | || (_| |  ) ) ) )
  '  |____| .__|_| |_|_| |_\__, | / / / /
 =========|_|==============|___/=/_/_/_/
 :: Spring Boot ::                (v2.5.4)

2021-09-26 18:45:03.630  INFO 2140 --- [           main] com.mycompany.app.RoomRepositoryTests    : Starting RoomRepositoryTests using Java 15.0.2 on DESKTOP-QDUHCU3 with PID 2140 (started by Admin in C:\Users\Admin\Desktop\MyWebProjects\MyWebAppMainProject)
2021-09-26 18:45:03.630  INFO 2140 --- [           main] com.mycompany.app.RoomRepositoryTests    : No active profile set, falling back to default profiles: default
2021-09-26 18:45:03.942  INFO 2140 --- [           main] .s.d.r.c.RepositoryConfigurationDelegate : Bootstrapping Spring Data JPA repositories in DEFAULT mode.
2021-09-26 18:45:03.962  INFO 2140 --- [           main] .s.d.r.c.RepositoryConfigurationDelegate : Finished Spring Data repository scanning in 20 ms. Found 1 JPA repository interfaces.
2021-09-26 18:45:04.226  INFO 2140 --- [           main] o.hibernate.jpa.internal.util.LogHelper  : HHH000204: Processing PersistenceUnitInfo [name: default]
2021-09-26 18:45:04.238  INFO 2140 --- [           main] com.zaxxer.hikari.HikariDataSource       : HikariPool-2 - Starting...
2021-09-26 18:45:04.286  INFO 2140 --- [           main] com.zaxxer.hikari.HikariDataSource       : HikariPool-2 - Start completed.
2021-09-26 18:45:04.290  INFO 2140 --- [           main] org.hibernate.dialect.Dialect            : HHH000400: Using dialect: org.hibernate.dialect.MySQL8Dialect
2021-09-26 18:45:04.342  INFO 2140 --- [           main] o.h.e.t.j.p.i.JtaPlatformInitiator       : HHH000490: Using JtaPlatform implementation: [org.hibernate.engine.transaction.jta.platform.internal.NoJtaPlatform]
2021-09-26 18:45:04.342  INFO 2140 --- [           main] j.LocalContainerEntityManagerFactoryBean : Initialized JPA EntityManagerFactory for persistence unit 'default'
2021-09-26 18:45:04.590  INFO 2140 --- [           main] com.mycompany.app.RoomRepositoryTests    : Started RoomRepositoryTests in 1.063 seconds (JVM running for 22.371)
2021-09-26 18:45:04.614  INFO 2140 --- [           main] o.s.t.c.transaction.TransactionContext   : Began transaction (1) for test context [DefaultTestContext@fdeec12 testClass = RoomRepositoryTests, testInstance = com.mycompany.app.RoomRepositoryTests@1cecd0a9, testMethod = testGet@RoomRepositoryTests, testException = [null], mergedContextConfiguration = [MergedContextConfiguration@4822d7a1 testClass = RoomRepositoryTests, locations = '{}', classes = '{class com.mycompany.MyWebAppApplication}', contextInitializerClasses = '[]', activeProfiles = '{}', propertySourceLocations = '{}', propertySourceProperties = '{org.springframework.boot.test.autoconfigure.orm.jpa.DataJpaTestContextBootstrapper=true}', contextCustomizers = set[[ImportsContextCustomizer@6fa5fc67 key = [org.springframework.boot.autoconfigure.cache.CacheAutoConfiguration, org.springframework.boot.autoconfigure.data.jpa.JpaRepositoriesAutoConfiguration, org.springframework.boot.autoconfigure.flyway.FlywayAutoConfiguration, org.springframework.boot.autoconfigure.jdbc.DataSourceAutoConfiguration, org.springframework.boot.autoconfigure.jdbc.DataSourceTransactionManagerAutoConfiguration, org.springframework.boot.autoconfigure.jdbc.JdbcTemplateAutoConfiguration, org.springframework.boot.autoconfigure.liquibase.LiquibaseAutoConfiguration, org.springframework.boot.autoconfigure.orm.jpa.HibernateJpaAutoConfiguration, org.springframework.boot.autoconfigure.sql.init.SqlInitializationAutoConfiguration, org.springframework.boot.autoconfigure.transaction.TransactionAutoConfiguration, org.springframework.boot.test.autoconfigure.jdbc.TestDatabaseAutoConfiguration, org.springframework.boot.test.autoconfigure.orm.jpa.TestEntityManagerAutoConfiguration]], org.springframework.boot.test.context.filter.ExcludeFilterContextCustomizer@25ce9dc4, org.springframework.boot.test.json.DuplicateJsonObjectContextCustomizerFactory$DuplicateJsonObjectContextCustomizer@76b1e9b8, org.springframework.boot.test.mock.mockito.MockitoContextCustomizer@0, org.springframework.boot.test.autoconfigure.OverrideAutoConfigurationContextCustomizerFactory$DisableAutoConfigurationContextCustomizer@59b43e35, org.springframework.boot.test.autoconfigure.actuate.metrics.MetricsExportContextCustomizerFactory$DisableMetricExportContextCustomizer@7bba5817, org.springframework.boot.test.autoconfigure.filter.TypeExcludeFiltersContextCustomizer@351584c0, org.springframework.boot.test.autoconfigure.properties.PropertyMappingContextCustomizer@37899b43, org.springframework.boot.test.autoconfigure.web.servlet.WebDriverContextCustomizerFactory$Customizer@606e4010, org.springframework.boot.test.context.SpringBootTestArgs@1, org.springframework.boot.test.context.SpringBootTestWebEnvironment@0], contextLoader = 'org.springframework.boot.test.context.SpringBootContextLoader', parent = [null]], attributes = map['org.springframework.test.context.event.ApplicationEventsTestExecutionListener.recordApplicationEvents' -> false]]; transaction manager [org.springframework.orm.jpa.JpaTransactionManager@665e18d5]; rollback [true]
Hibernate: select room0_.id as id1_0_0_, room0_.country as country2_0_0_, room0_.enabled as enabled3_0_0_, room0_.name as name4_0_0_ from rooms room0_ where room0_.id=?
2021-09-26 18:45:04.854  INFO 2140 --- [           main] o.s.t.c.transaction.TransactionContext   : Rolled back transaction for test: [DefaultTestContext@fdeec12 testClass = RoomRepositoryTests, testInstance = com.mycompany.app.RoomRepositoryTests@1cecd0a9, testMethod = testGet@RoomRepositoryTests, testException = java.lang.AssertionError: 
Expecting Optional to contain a value but it was empty., mergedContextConfiguration = [MergedContextConfiguration@4822d7a1 testClass = RoomRepositoryTests, locations = '{}', classes = '{class com.mycompany.MyWebAppApplication}', contextInitializerClasses = '[]', activeProfiles = '{}', propertySourceLocations = '{}', propertySourceProperties = '{org.springframework.boot.test.autoconfigure.orm.jpa.DataJpaTestContextBootstrapper=true}', contextCustomizers = set[[ImportsContextCustomizer@6fa5fc67 key = [org.springframework.boot.autoconfigure.cache.CacheAutoConfiguration, org.springframework.boot.autoconfigure.data.jpa.JpaRepositoriesAutoConfiguration, org.springframework.boot.autoconfigure.flyway.FlywayAutoConfiguration, org.springframework.boot.autoconfigure.jdbc.DataSourceAutoConfiguration, org.springframework.boot.autoconfigure.jdbc.DataSourceTransactionManagerAutoConfiguration, org.springframework.boot.autoconfigure.jdbc.JdbcTemplateAutoConfiguration, org.springframework.boot.autoconfigure.liquibase.LiquibaseAutoConfiguration, org.springframework.boot.autoconfigure.orm.jpa.HibernateJpaAutoConfiguration, org.springframework.boot.autoconfigure.sql.init.SqlInitializationAutoConfiguration, org.springframework.boot.autoconfigure.transaction.TransactionAutoConfiguration, org.springframework.boot.test.autoconfigure.jdbc.TestDatabaseAutoConfiguration, org.springframework.boot.test.autoconfigure.orm.jpa.TestEntityManagerAutoConfiguration]], org.springframework.boot.test.context.filter.ExcludeFilterContextCustomizer@25ce9dc4, org.springframework.boot.test.json.DuplicateJsonObjectContextCustomizerFactory$DuplicateJsonObjectContextCustomizer@76b1e9b8, org.springframework.boot.test.mock.mockito.MockitoContextCustomizer@0, org.springframework.boot.test.autoconfigure.OverrideAutoConfigurationContextCustomizerFactory$DisableAutoConfigurationContextCustomizer@59b43e35, org.springframework.boot.test.autoconfigure.actuate.metrics.MetricsExportContextCustomizerFactory$DisableMetricExportContextCustomizer@7bba5817, org.springframework.boot.test.autoconfigure.filter.TypeExcludeFiltersContextCustomizer@351584c0, org.springframework.boot.test.autoconfigure.properties.PropertyMappingContextCustomizer@37899b43, org.springframework.boot.test.autoconfigure.web.servlet.WebDriverContextCustomizerFactory$Customizer@606e4010, org.springframework.boot.test.context.SpringBootTestArgs@1, org.springframework.boot.test.context.SpringBootTestWebEnvironment@0], contextLoader = 'org.springframework.boot.test.context.SpringBootContextLoader', parent = [null]], attributes = map['org.springframework.test.context.event.ApplicationEventsTestExecutionListener.recordApplicationEvents' -> false]]
]]></system-out>
  </testcase>
  <testcase name="testListAll" classname="com.mycompany.app.RoomRepositoryTests" time="0.084"/>
  <testcase name="testAddNew" classname="com.mycompany.app.RoomRepositoryTests" time="0.068"/>
</testsuite>